Running on 10 cores
?? Time taken (parallel): 13.48 mins

------------------------------------------------------------
Sender: LSF System <lsfadmin@noderome113>
Subject: Job 265015282: <parallel_bootstrap_10000> in cluster <hpcf_research_cluster> Done

Job <parallel_bootstrap_10000> was submitted from host <noderome106> by user <zqu> in cluster <hpcf_research_cluster> at Thu Jul 24 14:32:13 2025
Job was executed on host(s) <10*noderome113>, in queue <priority>, as user <zqu> in cluster <hpcf_research_cluster> at Thu Jul 24 14:32:17 2025
</home/zqu> was used as the home directory.
</home/zqu/workshop07252025/code/submission_scripts> was used as the working directory.
Started at Thu Jul 24 14:32:17 2025
Terminated at Thu Jul 24 14:45:54 2025
Results reported at Thu Jul 24 14:45:54 2025

Your job looked like:

------------------------------------------------------------
# LSBATCH: User input
#!/bin/bash
#BSUB -n 10
#BSUB -R "span[hosts=1]"
#BSUB -q priority
#BSUB -W 00:30
#BSUB -R "rusage[mem=10000]"
#BSUB -J parallel_bootstrap_10000
#BSUB -o log/output.%J.log
#BSUB -e log/error.%J.log

BASE_DIR=/research/rgs01/home/clusterHome/zqu/workshop07252025/code/

cd $BASE_DIR

module load R/4.4.0
Rscript  R/bootstrap_parallel_hpc.R
------------------------------------------------------------

Successfully completed.

Resource usage summary:

    CPU time :                                   7986.00 sec.
    Max Memory :                                 1230 MB
    Average Memory :                             1118.43 MB
    Total Requested Memory :                     100000.00 MB
    Delta Memory :                               98770.00 MB
    Max Swap :                                   -
    Max Processes :                              14
    Max Threads :                                15
    Run time :                                   816 sec.
    Turnaround time :                            821 sec.

The output (if any) is above this job summary.



PS:

Read file <log/error.265015282.log> for stderr output of this job.

